Copyright 1986-2022 Xilinx, Inc. All Rights Reserved.
-----------------------------------------------------------------------------------------------------------------------------------------------------
| Tool Version : Vivado v.2022.1 (win64) Build 3526262 Mon Apr 18 15:48:16 MDT 2022
| Date         : Wed Mar 29 16:56:56 2023
| Host         : DESKTOP-RSF5MMH running 64-bit major release  (build 9200)
| Command      : report_methodology -file Lab05_methodology_drc_routed.rpt -pb Lab05_methodology_drc_routed.pb -rpx Lab05_methodology_drc_routed.rpx
| Design       : Lab05
| Device       : xc7a100tcsg324-1
| Speed File   : -1
| Design State : Fully Routed
-----------------------------------------------------------------------------------------------------------------------------------------------------

Report Methodology

Table of Contents
-----------------
1. REPORT SUMMARY
2. REPORT DETAILS

1. REPORT SUMMARY
-----------------
            Netlist: netlist
          Floorplan: design_1
      Design limits: <entire design considered>
             Max violations: <unlimited>
             Violations found: 114
+-----------+------------------+------------------------------------------------------------------+------------+
| Rule      | Severity         | Description                                                      | Violations |
+-----------+------------------+------------------------------------------------------------------+------------+
| TIMING-17 | Critical Warning | Non-clocked sequential cell                                      | 48         |
| CKLD-2    | Warning          | Clock Net has IO Driver, not a Clock Buf, and/or non-Clock loads | 1          |
| TIMING-20 | Warning          | Non-clocked latch                                                | 64         |
| LATCH-1   | Advisory         | Existing latches in the design                                   | 1          |
+-----------+------------------+------------------------------------------------------------------+------------+

2. REPORT DETAILS
-----------------
TIMING-17#1 Critical Warning
Non-clocked sequential cell  
The clock pin divider/clk_1s_reg/C is not reached by a timing clock
Related violations: <none>

TIMING-17#2 Critical Warning
Non-clocked sequential cell  
The clock pin divider/count_clk_reg[0]/C is not reached by a timing clock
Related violations: <none>

TIMING-17#3 Critical Warning
Non-clocked sequential cell  
The clock pin divider/count_clk_reg[10]/C is not reached by a timing clock
Related violations: <none>

TIMING-17#4 Critical Warning
Non-clocked sequential cell  
The clock pin divider/count_clk_reg[11]/C is not reached by a timing clock
Related violations: <none>

TIMING-17#5 Critical Warning
Non-clocked sequential cell  
The clock pin divider/count_clk_reg[12]/C is not reached by a timing clock
Related violations: <none>

TIMING-17#6 Critical Warning
Non-clocked sequential cell  
The clock pin divider/count_clk_reg[13]/C is not reached by a timing clock
Related violations: <none>

TIMING-17#7 Critical Warning
Non-clocked sequential cell  
The clock pin divider/count_clk_reg[14]/C is not reached by a timing clock
Related violations: <none>

TIMING-17#8 Critical Warning
Non-clocked sequential cell  
The clock pin divider/count_clk_reg[15]/C is not reached by a timing clock
Related violations: <none>

TIMING-17#9 Critical Warning
Non-clocked sequential cell  
The clock pin divider/count_clk_reg[16]/C is not reached by a timing clock
Related violations: <none>

TIMING-17#10 Critical Warning
Non-clocked sequential cell  
The clock pin divider/count_clk_reg[17]/C is not reached by a timing clock
Related violations: <none>

TIMING-17#11 Critical Warning
Non-clocked sequential cell  
The clock pin divider/count_clk_reg[18]/C is not reached by a timing clock
Related violations: <none>

TIMING-17#12 Critical Warning
Non-clocked sequential cell  
The clock pin divider/count_clk_reg[19]/C is not reached by a timing clock
Related violations: <none>

TIMING-17#13 Critical Warning
Non-clocked sequential cell  
The clock pin divider/count_clk_reg[1]/C is not reached by a timing clock
Related violations: <none>

TIMING-17#14 Critical Warning
Non-clocked sequential cell  
The clock pin divider/count_clk_reg[20]/C is not reached by a timing clock
Related violations: <none>

TIMING-17#15 Critical Warning
Non-clocked sequential cell  
The clock pin divider/count_clk_reg[21]/C is not reached by a timing clock
Related violations: <none>

TIMING-17#16 Critical Warning
Non-clocked sequential cell  
The clock pin divider/count_clk_reg[22]/C is not reached by a timing clock
Related violations: <none>

TIMING-17#17 Critical Warning
Non-clocked sequential cell  
The clock pin divider/count_clk_reg[23]/C is not reached by a timing clock
Related violations: <none>

TIMING-17#18 Critical Warning
Non-clocked sequential cell  
The clock pin divider/count_clk_reg[24]/C is not reached by a timing clock
Related violations: <none>

TIMING-17#19 Critical Warning
Non-clocked sequential cell  
The clock pin divider/count_clk_reg[25]/C is not reached by a timing clock
Related violations: <none>

TIMING-17#20 Critical Warning
Non-clocked sequential cell  
The clock pin divider/count_clk_reg[26]/C is not reached by a timing clock
Related violations: <none>

TIMING-17#21 Critical Warning
Non-clocked sequential cell  
The clock pin divider/count_clk_reg[27]/C is not reached by a timing clock
Related violations: <none>

TIMING-17#22 Critical Warning
Non-clocked sequential cell  
The clock pin divider/count_clk_reg[28]/C is not reached by a timing clock
Related violations: <none>

TIMING-17#23 Critical Warning
Non-clocked sequential cell  
The clock pin divider/count_clk_reg[29]/C is not reached by a timing clock
Related violations: <none>

TIMING-17#24 Critical Warning
Non-clocked sequential cell  
The clock pin divider/count_clk_reg[2]/C is not reached by a timing clock
Related violations: <none>

TIMING-17#25 Critical Warning
Non-clocked sequential cell  
The clock pin divider/count_clk_reg[30]/C is not reached by a timing clock
Related violations: <none>

TIMING-17#26 Critical Warning
Non-clocked sequential cell  
The clock pin divider/count_clk_reg[31]/C is not reached by a timing clock
Related violations: <none>

TIMING-17#27 Critical Warning
Non-clocked sequential cell  
The clock pin divider/count_clk_reg[3]/C is not reached by a timing clock
Related violations: <none>

TIMING-17#28 Critical Warning
Non-clocked sequential cell  
The clock pin divider/count_clk_reg[4]/C is not reached by a timing clock
Related violations: <none>

TIMING-17#29 Critical Warning
Non-clocked sequential cell  
The clock pin divider/count_clk_reg[5]/C is not reached by a timing clock
Related violations: <none>

TIMING-17#30 Critical Warning
Non-clocked sequential cell  
The clock pin divider/count_clk_reg[6]/C is not reached by a timing clock
Related violations: <none>

TIMING-17#31 Critical Warning
Non-clocked sequential cell  
The clock pin divider/count_clk_reg[7]/C is not reached by a timing clock
Related violations: <none>

TIMING-17#32 Critical Warning
Non-clocked sequential cell  
The clock pin divider/count_clk_reg[8]/C is not reached by a timing clock
Related violations: <none>

TIMING-17#33 Critical Warning
Non-clocked sequential cell  
The clock pin divider/count_clk_reg[9]/C is not reached by a timing clock
Related violations: <none>

TIMING-17#34 Critical Warning
Non-clocked sequential cell  
The clock pin myram/U0/inst_blk_mem_gen/gnbram.gnativebmg.native_blk_mem_gen/valid.cstr/ramloop[0].ram.r/prim_init.ram/DEVICE_7SERIES.NO_BMM_INFO.SP.WIDE_PRIM18.ram/CLKARDCLK is not reached by a timing clock
Related violations: <none>

TIMING-17#35 Critical Warning
Non-clocked sequential cell  
The clock pin myram/U0/inst_blk_mem_gen/gnbram.gnativebmg.native_blk_mem_gen/valid.cstr/ramloop[0].ram.r/prim_init.ram/DEVICE_7SERIES.NO_BMM_INFO.SP.WIDE_PRIM18.ram/CLKBWRCLK is not reached by a timing clock
Related violations: <none>

TIMING-17#36 Critical Warning
Non-clocked sequential cell  
The clock pin selectLed/AN_reg[0]/C is not reached by a timing clock
Related violations: <none>

TIMING-17#37 Critical Warning
Non-clocked sequential cell  
The clock pin selectLed/AN_reg[1]/C is not reached by a timing clock
Related violations: <none>

TIMING-17#38 Critical Warning
Non-clocked sequential cell  
The clock pin selectLed/AN_reg[2]/C is not reached by a timing clock
Related violations: <none>

TIMING-17#39 Critical Warning
Non-clocked sequential cell  
The clock pin selectLed/AN_reg[3]/C is not reached by a timing clock
Related violations: <none>

TIMING-17#40 Critical Warning
Non-clocked sequential cell  
The clock pin selectLed/F_reg[1]/C is not reached by a timing clock
Related violations: <none>

TIMING-17#41 Critical Warning
Non-clocked sequential cell  
The clock pin selectLed/F_reg[2]/C is not reached by a timing clock
Related violations: <none>

TIMING-17#42 Critical Warning
Non-clocked sequential cell  
The clock pin selectLed/F_reg[3]/C is not reached by a timing clock
Related violations: <none>

TIMING-17#43 Critical Warning
Non-clocked sequential cell  
The clock pin selectLed/F_reg[4]/C is not reached by a timing clock
Related violations: <none>

TIMING-17#44 Critical Warning
Non-clocked sequential cell  
The clock pin selectLed/F_reg[5]/C is not reached by a timing clock
Related violations: <none>

TIMING-17#45 Critical Warning
Non-clocked sequential cell  
The clock pin selectLed/F_reg[6]/C is not reached by a timing clock
Related violations: <none>

TIMING-17#46 Critical Warning
Non-clocked sequential cell  
The clock pin selectLed/F_reg[7]/C is not reached by a timing clock
Related violations: <none>

TIMING-17#47 Critical Warning
Non-clocked sequential cell  
The clock pin selectLed/i_reg[0]/C is not reached by a timing clock
Related violations: <none>

TIMING-17#48 Critical Warning
Non-clocked sequential cell  
The clock pin selectLed/i_reg[1]/C is not reached by a timing clock
Related violations: <none>

CKLD-2#1 Warning
Clock Net has IO Driver, not a Clock Buf, and/or non-Clock loads  
Clock net BTN_IBUF[0] is directly driven by an IO rather than a Clock Buffer or may be an IO driving a mix of Clock Buffer and non-Clock loads. This connectivity should be reviewed and corrected as appropriate. Driver(s): BTN_IBUF[0]_inst/O, myram/clka, regfile/BTN_IBUF[0]
Related violations: <none>

TIMING-20#1 Warning
Non-clocked latch  
The latch regfile/regs_reg[0][0] cannot be properly analyzed as its control pin regfile/regs_reg[0][0]/G is not reached by a timing clock
Related violations: <none>

TIMING-20#2 Warning
Non-clocked latch  
The latch regfile/regs_reg[0][1] cannot be properly analyzed as its control pin regfile/regs_reg[0][1]/G is not reached by a timing clock
Related violations: <none>

TIMING-20#3 Warning
Non-clocked latch  
The latch regfile/regs_reg[0][2] cannot be properly analyzed as its control pin regfile/regs_reg[0][2]/G is not reached by a timing clock
Related violations: <none>

TIMING-20#4 Warning
Non-clocked latch  
The latch regfile/regs_reg[0][3] cannot be properly analyzed as its control pin regfile/regs_reg[0][3]/G is not reached by a timing clock
Related violations: <none>

TIMING-20#5 Warning
Non-clocked latch  
The latch regfile/regs_reg[10][0] cannot be properly analyzed as its control pin regfile/regs_reg[10][0]/G is not reached by a timing clock
Related violations: <none>

TIMING-20#6 Warning
Non-clocked latch  
The latch regfile/regs_reg[10][1] cannot be properly analyzed as its control pin regfile/regs_reg[10][1]/G is not reached by a timing clock
Related violations: <none>

TIMING-20#7 Warning
Non-clocked latch  
The latch regfile/regs_reg[10][2] cannot be properly analyzed as its control pin regfile/regs_reg[10][2]/G is not reached by a timing clock
Related violations: <none>

TIMING-20#8 Warning
Non-clocked latch  
The latch regfile/regs_reg[10][3] cannot be properly analyzed as its control pin regfile/regs_reg[10][3]/G is not reached by a timing clock
Related violations: <none>

TIMING-20#9 Warning
Non-clocked latch  
The latch regfile/regs_reg[11][0] cannot be properly analyzed as its control pin regfile/regs_reg[11][0]/G is not reached by a timing clock
Related violations: <none>

TIMING-20#10 Warning
Non-clocked latch  
The latch regfile/regs_reg[11][1] cannot be properly analyzed as its control pin regfile/regs_reg[11][1]/G is not reached by a timing clock
Related violations: <none>

TIMING-20#11 Warning
Non-clocked latch  
The latch regfile/regs_reg[11][2] cannot be properly analyzed as its control pin regfile/regs_reg[11][2]/G is not reached by a timing clock
Related violations: <none>

TIMING-20#12 Warning
Non-clocked latch  
The latch regfile/regs_reg[11][3] cannot be properly analyzed as its control pin regfile/regs_reg[11][3]/G is not reached by a timing clock
Related violations: <none>

TIMING-20#13 Warning
Non-clocked latch  
The latch regfile/regs_reg[12][0] cannot be properly analyzed as its control pin regfile/regs_reg[12][0]/G is not reached by a timing clock
Related violations: <none>

TIMING-20#14 Warning
Non-clocked latch  
The latch regfile/regs_reg[12][1] cannot be properly analyzed as its control pin regfile/regs_reg[12][1]/G is not reached by a timing clock
Related violations: <none>

TIMING-20#15 Warning
Non-clocked latch  
The latch regfile/regs_reg[12][2] cannot be properly analyzed as its control pin regfile/regs_reg[12][2]/G is not reached by a timing clock
Related violations: <none>

TIMING-20#16 Warning
Non-clocked latch  
The latch regfile/regs_reg[12][3] cannot be properly analyzed as its control pin regfile/regs_reg[12][3]/G is not reached by a timing clock
Related violations: <none>

TIMING-20#17 Warning
Non-clocked latch  
The latch regfile/regs_reg[13][0] cannot be properly analyzed as its control pin regfile/regs_reg[13][0]/G is not reached by a timing clock
Related violations: <none>

TIMING-20#18 Warning
Non-clocked latch  
The latch regfile/regs_reg[13][1] cannot be properly analyzed as its control pin regfile/regs_reg[13][1]/G is not reached by a timing clock
Related violations: <none>

TIMING-20#19 Warning
Non-clocked latch  
The latch regfile/regs_reg[13][2] cannot be properly analyzed as its control pin regfile/regs_reg[13][2]/G is not reached by a timing clock
Related violations: <none>

TIMING-20#20 Warning
Non-clocked latch  
The latch regfile/regs_reg[13][3] cannot be properly analyzed as its control pin regfile/regs_reg[13][3]/G is not reached by a timing clock
Related violations: <none>

TIMING-20#21 Warning
Non-clocked latch  
The latch regfile/regs_reg[14][0] cannot be properly analyzed as its control pin regfile/regs_reg[14][0]/G is not reached by a timing clock
Related violations: <none>

TIMING-20#22 Warning
Non-clocked latch  
The latch regfile/regs_reg[14][1] cannot be properly analyzed as its control pin regfile/regs_reg[14][1]/G is not reached by a timing clock
Related violations: <none>

TIMING-20#23 Warning
Non-clocked latch  
The latch regfile/regs_reg[14][2] cannot be properly analyzed as its control pin regfile/regs_reg[14][2]/G is not reached by a timing clock
Related violations: <none>

TIMING-20#24 Warning
Non-clocked latch  
The latch regfile/regs_reg[14][3] cannot be properly analyzed as its control pin regfile/regs_reg[14][3]/G is not reached by a timing clock
Related violations: <none>

TIMING-20#25 Warning
Non-clocked latch  
The latch regfile/regs_reg[15][0] cannot be properly analyzed as its control pin regfile/regs_reg[15][0]/G is not reached by a timing clock
Related violations: <none>

TIMING-20#26 Warning
Non-clocked latch  
The latch regfile/regs_reg[15][1] cannot be properly analyzed as its control pin regfile/regs_reg[15][1]/G is not reached by a timing clock
Related violations: <none>

TIMING-20#27 Warning
Non-clocked latch  
The latch regfile/regs_reg[15][2] cannot be properly analyzed as its control pin regfile/regs_reg[15][2]/G is not reached by a timing clock
Related violations: <none>

TIMING-20#28 Warning
Non-clocked latch  
The latch regfile/regs_reg[15][3] cannot be properly analyzed as its control pin regfile/regs_reg[15][3]/G is not reached by a timing clock
Related violations: <none>

TIMING-20#29 Warning
Non-clocked latch  
The latch regfile/regs_reg[1][0] cannot be properly analyzed as its control pin regfile/regs_reg[1][0]/G is not reached by a timing clock
Related violations: <none>

TIMING-20#30 Warning
Non-clocked latch  
The latch regfile/regs_reg[1][1] cannot be properly analyzed as its control pin regfile/regs_reg[1][1]/G is not reached by a timing clock
Related violations: <none>

TIMING-20#31 Warning
Non-clocked latch  
The latch regfile/regs_reg[1][2] cannot be properly analyzed as its control pin regfile/regs_reg[1][2]/G is not reached by a timing clock
Related violations: <none>

TIMING-20#32 Warning
Non-clocked latch  
The latch regfile/regs_reg[1][3] cannot be properly analyzed as its control pin regfile/regs_reg[1][3]/G is not reached by a timing clock
Related violations: <none>

TIMING-20#33 Warning
Non-clocked latch  
The latch regfile/regs_reg[2][0] cannot be properly analyzed as its control pin regfile/regs_reg[2][0]/G is not reached by a timing clock
Related violations: <none>

TIMING-20#34 Warning
Non-clocked latch  
The latch regfile/regs_reg[2][1] cannot be properly analyzed as its control pin regfile/regs_reg[2][1]/G is not reached by a timing clock
Related violations: <none>

TIMING-20#35 Warning
Non-clocked latch  
The latch regfile/regs_reg[2][2] cannot be properly analyzed as its control pin regfile/regs_reg[2][2]/G is not reached by a timing clock
Related violations: <none>

TIMING-20#36 Warning
Non-clocked latch  
The latch regfile/regs_reg[2][3] cannot be properly analyzed as its control pin regfile/regs_reg[2][3]/G is not reached by a timing clock
Related violations: <none>

TIMING-20#37 Warning
Non-clocked latch  
The latch regfile/regs_reg[3][0] cannot be properly analyzed as its control pin regfile/regs_reg[3][0]/G is not reached by a timing clock
Related violations: <none>

TIMING-20#38 Warning
Non-clocked latch  
The latch regfile/regs_reg[3][1] cannot be properly analyzed as its control pin regfile/regs_reg[3][1]/G is not reached by a timing clock
Related violations: <none>

TIMING-20#39 Warning
Non-clocked latch  
The latch regfile/regs_reg[3][2] cannot be properly analyzed as its control pin regfile/regs_reg[3][2]/G is not reached by a timing clock
Related violations: <none>

TIMING-20#40 Warning
Non-clocked latch  
The latch regfile/regs_reg[3][3] cannot be properly analyzed as its control pin regfile/regs_reg[3][3]/G is not reached by a timing clock
Related violations: <none>

TIMING-20#41 Warning
Non-clocked latch  
The latch regfile/regs_reg[4][0] cannot be properly analyzed as its control pin regfile/regs_reg[4][0]/G is not reached by a timing clock
Related violations: <none>

TIMING-20#42 Warning
Non-clocked latch  
The latch regfile/regs_reg[4][1] cannot be properly analyzed as its control pin regfile/regs_reg[4][1]/G is not reached by a timing clock
Related violations: <none>

TIMING-20#43 Warning
Non-clocked latch  
The latch regfile/regs_reg[4][2] cannot be properly analyzed as its control pin regfile/regs_reg[4][2]/G is not reached by a timing clock
Related violations: <none>

TIMING-20#44 Warning
Non-clocked latch  
The latch regfile/regs_reg[4][3] cannot be properly analyzed as its control pin regfile/regs_reg[4][3]/G is not reached by a timing clock
Related violations: <none>

TIMING-20#45 Warning
Non-clocked latch  
The latch regfile/regs_reg[5][0] cannot be properly analyzed as its control pin regfile/regs_reg[5][0]/G is not reached by a timing clock
Related violations: <none>

TIMING-20#46 Warning
Non-clocked latch  
The latch regfile/regs_reg[5][1] cannot be properly analyzed as its control pin regfile/regs_reg[5][1]/G is not reached by a timing clock
Related violations: <none>

TIMING-20#47 Warning
Non-clocked latch  
The latch regfile/regs_reg[5][2] cannot be properly analyzed as its control pin regfile/regs_reg[5][2]/G is not reached by a timing clock
Related violations: <none>

TIMING-20#48 Warning
Non-clocked latch  
The latch regfile/regs_reg[5][3] cannot be properly analyzed as its control pin regfile/regs_reg[5][3]/G is not reached by a timing clock
Related violations: <none>

TIMING-20#49 Warning
Non-clocked latch  
The latch regfile/regs_reg[6][0] cannot be properly analyzed as its control pin regfile/regs_reg[6][0]/G is not reached by a timing clock
Related violations: <none>

TIMING-20#50 Warning
Non-clocked latch  
The latch regfile/regs_reg[6][1] cannot be properly analyzed as its control pin regfile/regs_reg[6][1]/G is not reached by a timing clock
Related violations: <none>

TIMING-20#51 Warning
Non-clocked latch  
The latch regfile/regs_reg[6][2] cannot be properly analyzed as its control pin regfile/regs_reg[6][2]/G is not reached by a timing clock
Related violations: <none>

TIMING-20#52 Warning
Non-clocked latch  
The latch regfile/regs_reg[6][3] cannot be properly analyzed as its control pin regfile/regs_reg[6][3]/G is not reached by a timing clock
Related violations: <none>

TIMING-20#53 Warning
Non-clocked latch  
The latch regfile/regs_reg[7][0] cannot be properly analyzed as its control pin regfile/regs_reg[7][0]/G is not reached by a timing clock
Related violations: <none>

TIMING-20#54 Warning
Non-clocked latch  
The latch regfile/regs_reg[7][1] cannot be properly analyzed as its control pin regfile/regs_reg[7][1]/G is not reached by a timing clock
Related violations: <none>

TIMING-20#55 Warning
Non-clocked latch  
The latch regfile/regs_reg[7][2] cannot be properly analyzed as its control pin regfile/regs_reg[7][2]/G is not reached by a timing clock
Related violations: <none>

TIMING-20#56 Warning
Non-clocked latch  
The latch regfile/regs_reg[7][3] cannot be properly analyzed as its control pin regfile/regs_reg[7][3]/G is not reached by a timing clock
Related violations: <none>

TIMING-20#57 Warning
Non-clocked latch  
The latch regfile/regs_reg[8][0] cannot be properly analyzed as its control pin regfile/regs_reg[8][0]/G is not reached by a timing clock
Related violations: <none>

TIMING-20#58 Warning
Non-clocked latch  
The latch regfile/regs_reg[8][1] cannot be properly analyzed as its control pin regfile/regs_reg[8][1]/G is not reached by a timing clock
Related violations: <none>

TIMING-20#59 Warning
Non-clocked latch  
The latch regfile/regs_reg[8][2] cannot be properly analyzed as its control pin regfile/regs_reg[8][2]/G is not reached by a timing clock
Related violations: <none>

TIMING-20#60 Warning
Non-clocked latch  
The latch regfile/regs_reg[8][3] cannot be properly analyzed as its control pin regfile/regs_reg[8][3]/G is not reached by a timing clock
Related violations: <none>

TIMING-20#61 Warning
Non-clocked latch  
The latch regfile/regs_reg[9][0] cannot be properly analyzed as its control pin regfile/regs_reg[9][0]/G is not reached by a timing clock
Related violations: <none>

TIMING-20#62 Warning
Non-clocked latch  
The latch regfile/regs_reg[9][1] cannot be properly analyzed as its control pin regfile/regs_reg[9][1]/G is not reached by a timing clock
Related violations: <none>

TIMING-20#63 Warning
Non-clocked latch  
The latch regfile/regs_reg[9][2] cannot be properly analyzed as its control pin regfile/regs_reg[9][2]/G is not reached by a timing clock
Related violations: <none>

TIMING-20#64 Warning
Non-clocked latch  
The latch regfile/regs_reg[9][3] cannot be properly analyzed as its control pin regfile/regs_reg[9][3]/G is not reached by a timing clock
Related violations: <none>

LATCH-1#1 Advisory
Existing latches in the design  
There are 64 latches found in the design. Inferred latches are often the result of HDL coding mistakes, such as incomplete if or case statements.
Related violations: <none>


